{"consumer.js":{"path":"consumer.js","s":{"1":1,"2":1,"3":0,"4":0,"5":0,"6":0,"7":0,"8":0,"9":0,"10":0,"11":0,"12":0,"13":0,"14":0,"15":0,"16":0,"17":0,"18":0,"19":0,"20":0,"21":0,"22":0,"23":0,"24":0,"25":0,"26":0,"27":0,"28":0,"29":1},"b":{"1":[0,0],"2":[0,0],"3":[0,0],"4":[0,0],"5":[0,0]},"f":{"1":0,"2":0,"3":0,"4":0,"5":0,"6":0,"7":0},"fnMap":{"1":{"name":"(anonymous_1)","line":5,"loc":{"start":{"line":5,"column":13},"end":{"line":5,"column":32}}},"2":{"name":"(anonymous_2)","line":9,"loc":{"start":{"line":9,"column":16},"end":{"line":9,"column":38}}},"3":{"name":"(anonymous_3)","line":27,"loc":{"start":{"line":27,"column":28},"end":{"line":27,"column":42}}},"4":{"name":"(anonymous_4)","line":32,"loc":{"start":{"line":32,"column":30},"end":{"line":32,"column":44}}},"5":{"name":"(anonymous_5)","line":38,"loc":{"start":{"line":38,"column":24},"end":{"line":38,"column":38}}},"6":{"name":"(anonymous_6)","line":47,"loc":{"start":{"line":47,"column":23},"end":{"line":47,"column":41}}},"7":{"name":"(anonymous_7)","line":55,"loc":{"start":{"line":55,"column":31},"end":{"line":55,"column":45}}}},"statementMap":{"1":{"start":{"line":2,"column":0},"end":{"line":2,"column":36}},"2":{"start":{"line":4,"column":0},"end":{"line":66,"column":2}},"3":{"start":{"line":6,"column":2},"end":{"line":6,"column":41}},"4":{"start":{"line":11,"column":3},"end":{"line":11,"column":64}},"5":{"start":{"line":12,"column":3},"end":{"line":12,"column":22}},"6":{"start":{"line":13,"column":3},"end":{"line":25,"column":4}},"7":{"start":{"line":14,"column":4},"end":{"line":19,"column":5}},"8":{"start":{"line":16,"column":5},"end":{"line":18,"column":6}},"9":{"start":{"line":17,"column":6},"end":{"line":17,"column":59}},"10":{"start":{"line":22,"column":4},"end":{"line":24,"column":5}},"11":{"start":{"line":23,"column":5},"end":{"line":23,"column":58}},"12":{"start":{"line":27,"column":3},"end":{"line":29,"column":6}},"13":{"start":{"line":28,"column":4},"end":{"line":28,"column":21}},"14":{"start":{"line":32,"column":3},"end":{"line":35,"column":6}},"15":{"start":{"line":33,"column":4},"end":{"line":33,"column":41}},"16":{"start":{"line":34,"column":4},"end":{"line":34,"column":23}},"17":{"start":{"line":37,"column":3},"end":{"line":37,"column":36}},"18":{"start":{"line":38,"column":3},"end":{"line":44,"column":6}},"19":{"start":{"line":39,"column":4},"end":{"line":39,"column":57}},"20":{"start":{"line":41,"column":4},"end":{"line":41,"column":34}},"21":{"start":{"line":43,"column":4},"end":{"line":43,"column":23}},"22":{"start":{"line":47,"column":3},"end":{"line":53,"column":6}},"23":{"start":{"line":49,"column":4},"end":{"line":49,"column":32}},"24":{"start":{"line":50,"column":4},"end":{"line":50,"column":59}},"25":{"start":{"line":51,"column":7},"end":{"line":51,"column":59}},"26":{"start":{"line":55,"column":3},"end":{"line":57,"column":6}},"27":{"start":{"line":56,"column":4},"end":{"line":56,"column":65}},"28":{"start":{"line":60,"column":3},"end":{"line":60,"column":22}},"29":{"start":{"line":68,"column":0},"end":{"line":68,"column":40}}},"branchMap":{"1":{"line":13,"type":"if","locations":[{"start":{"line":13,"column":3},"end":{"line":13,"column":3}},{"start":{"line":13,"column":3},"end":{"line":13,"column":3}}]},"2":{"line":16,"type":"if","locations":[{"start":{"line":16,"column":5},"end":{"line":16,"column":5}},{"start":{"line":16,"column":5},"end":{"line":16,"column":5}}]},"3":{"line":16,"type":"binary-expr","locations":[{"start":{"line":16,"column":9},"end":{"line":16,"column":51}},{"start":{"line":16,"column":55},"end":{"line":16,"column":97}}]},"4":{"line":22,"type":"if","locations":[{"start":{"line":22,"column":4},"end":{"line":22,"column":4}},{"start":{"line":22,"column":4},"end":{"line":22,"column":4}}]},"5":{"line":22,"type":"binary-expr","locations":[{"start":{"line":22,"column":8},"end":{"line":22,"column":50}},{"start":{"line":22,"column":54},"end":{"line":22,"column":96}}]}}},"producer.js":{"path":"producer.js","s":{"1":1,"2":1,"3":0,"4":0,"5":0,"6":0,"7":0,"8":0,"9":0,"10":0,"11":0,"12":0,"13":0,"14":0,"15":0,"16":0,"17":0,"18":0,"19":0,"20":0,"21":0,"22":0,"23":0,"24":0,"25":0,"26":0,"27":0,"28":0,"29":0,"30":0,"31":0,"32":0,"33":0,"34":0,"35":0,"36":0,"37":0,"38":1},"b":{"1":[0,0],"2":[0,0],"3":[0,0],"4":[0,0],"5":[0,0],"6":[0,0]},"f":{"1":0,"2":0,"3":0,"4":0,"5":0,"6":0,"7":0,"8":0},"fnMap":{"1":{"name":"(anonymous_1)","line":5,"loc":{"start":{"line":5,"column":14},"end":{"line":5,"column":38}}},"2":{"name":"(anonymous_2)","line":8,"loc":{"start":{"line":8,"column":16},"end":{"line":8,"column":40}}},"3":{"name":"(anonymous_3)","line":38,"loc":{"start":{"line":38,"column":28},"end":{"line":38,"column":42}}},"4":{"name":"(anonymous_4)","line":43,"loc":{"start":{"line":43,"column":30},"end":{"line":43,"column":44}}},"5":{"name":"(anonymous_5)","line":52,"loc":{"start":{"line":52,"column":34},"end":{"line":52,"column":56}}},"6":{"name":"(anonymous_6)","line":58,"loc":{"start":{"line":58,"column":24},"end":{"line":58,"column":38}}},"7":{"name":"(anonymous_7)","line":78,"loc":{"start":{"line":78,"column":31},"end":{"line":78,"column":42}}},"8":{"name":"(anonymous_8)","line":89,"loc":{"start":{"line":89,"column":31},"end":{"line":89,"column":45}}}},"statementMap":{"1":{"start":{"line":2,"column":0},"end":{"line":2,"column":36}},"2":{"start":{"line":4,"column":0},"end":{"line":100,"column":2}},"3":{"start":{"line":6,"column":2},"end":{"line":6,"column":46}},"4":{"start":{"line":10,"column":3},"end":{"line":10,"column":20}},"5":{"start":{"line":12,"column":3},"end":{"line":12,"column":21}},"6":{"start":{"line":13,"column":3},"end":{"line":14,"column":15}},"7":{"start":{"line":15,"column":3},"end":{"line":15,"column":56}},"8":{"start":{"line":18,"column":3},"end":{"line":36,"column":4}},"9":{"start":{"line":19,"column":4},"end":{"line":27,"column":5}},"10":{"start":{"line":21,"column":5},"end":{"line":26,"column":6}},"11":{"start":{"line":22,"column":6},"end":{"line":25,"column":9}},"12":{"start":{"line":30,"column":4},"end":{"line":35,"column":5}},"13":{"start":{"line":31,"column":5},"end":{"line":34,"column":8}},"14":{"start":{"line":38,"column":3},"end":{"line":40,"column":6}},"15":{"start":{"line":39,"column":5},"end":{"line":39,"column":22}},"16":{"start":{"line":43,"column":3},"end":{"line":46,"column":6}},"17":{"start":{"line":44,"column":4},"end":{"line":44,"column":41}},"18":{"start":{"line":45,"column":4},"end":{"line":45,"column":23}},"19":{"start":{"line":49,"column":3},"end":{"line":49,"column":19}},"20":{"start":{"line":52,"column":3},"end":{"line":55,"column":6}},"21":{"start":{"line":53,"column":4},"end":{"line":53,"column":62}},"22":{"start":{"line":54,"column":4},"end":{"line":54,"column":14}},"23":{"start":{"line":58,"column":3},"end":{"line":87,"column":6}},"24":{"start":{"line":59,"column":4},"end":{"line":59,"column":57}},"25":{"start":{"line":65,"column":4},"end":{"line":75,"column":5}},"26":{"start":{"line":66,"column":5},"end":{"line":69,"column":8}},"27":{"start":{"line":70,"column":5},"end":{"line":70,"column":51}},"28":{"start":{"line":71,"column":5},"end":{"line":71,"column":26}},"29":{"start":{"line":73,"column":5},"end":{"line":73,"column":24}},"30":{"start":{"line":74,"column":5},"end":{"line":74,"column":52}},"31":{"start":{"line":78,"column":4},"end":{"line":84,"column":13}},"32":{"start":{"line":79,"column":5},"end":{"line":79,"column":21}},"33":{"start":{"line":80,"column":5},"end":{"line":83,"column":6}},"34":{"start":{"line":81,"column":6},"end":{"line":81,"column":30}},"35":{"start":{"line":89,"column":3},"end":{"line":91,"column":6}},"36":{"start":{"line":90,"column":4},"end":{"line":90,"column":65}},"37":{"start":{"line":94,"column":3},"end":{"line":94,"column":22}},"38":{"start":{"line":102,"column":0},"end":{"line":102,"column":40}}},"branchMap":{"1":{"line":18,"type":"if","locations":[{"start":{"line":18,"column":3},"end":{"line":18,"column":3}},{"start":{"line":18,"column":3},"end":{"line":18,"column":3}}]},"2":{"line":21,"type":"if","locations":[{"start":{"line":21,"column":5},"end":{"line":21,"column":5}},{"start":{"line":21,"column":5},"end":{"line":21,"column":5}}]},"3":{"line":21,"type":"binary-expr","locations":[{"start":{"line":21,"column":9},"end":{"line":21,"column":48}},{"start":{"line":21,"column":52},"end":{"line":21,"column":91}}]},"4":{"line":30,"type":"if","locations":[{"start":{"line":30,"column":4},"end":{"line":30,"column":4}},{"start":{"line":30,"column":4},"end":{"line":30,"column":4}}]},"5":{"line":30,"type":"binary-expr","locations":[{"start":{"line":30,"column":8},"end":{"line":30,"column":47}},{"start":{"line":30,"column":51},"end":{"line":30,"column":90}}]},"6":{"line":80,"type":"if","locations":[{"start":{"line":80,"column":5},"end":{"line":80,"column":5}},{"start":{"line":80,"column":5},"end":{"line":80,"column":5}}]}}}}